<?xml version="1.0" encoding="UTF-8"?>
<!-- Generated by org.testng.reporters.JUnitReportReporter -->
<testsuite hostname="Hari" failures="0" tests="1" name="com.Task1.Flipkart" time="7.628" errors="0" timestamp="2024-05-17T08:14:32 IST" skipped="0">
  <testcase classname="com.Task1.Flipkart" name="Electronics" time="7.628"/>
</testsuite> <!-- com.Task1.Flipkart -->
